2025-01-24 01:24:10 - INFO - Downloading market data for ^GSPC from 1985-07-01 00:00:00 to 1987-09-19 00:00:00...
2025-01-24 01:24:12 - INFO - Market data downloaded: 561 rows
2025-01-24 01:24:12 - INFO - Retrieved data for ^GSPC from 1985-07-01 00:00:00 to 1987-09-19 00:00:00
2025-01-24 01:24:12 - INFO - Data preparation completed. Shape: (561,)
2025-01-24 01:24:12 - INFO - Performing power law fitting...
2025-01-24 01:24:12 - INFO - Performing logarithm-periodic fitting...
2025-01-24 01:24:12 - ERROR - Statistical tests failed: local variable 'numerator' referenced before assignment
2025-01-24 01:24:12 - INFO - Data preparation completed. Shape: (100,)
2025-01-24 01:24:12 - ERROR - Statistical tests failed: local variable 'numerator' referenced before assignment
2025-01-24 01:30:54 - INFO - Downloading market data for ^GSPC from 1985-07-01 00:00:00 to 1987-09-19 00:00:00...
2025-01-24 01:30:55 - INFO - Market data downloaded: 561 rows
2025-01-24 01:30:55 - INFO - Retrieved data for ^GSPC from 1985-07-01 00:00:00 to 1987-09-19 00:00:00
2025-01-24 01:30:55 - INFO - Data preparation completed. Shape: (561,)
2025-01-24 01:30:55 - INFO - Performing power law fitting...
2025-01-24 01:30:55 - INFO - Performing logarithm-periodic fitting...
2025-01-24 01:30:55 - ERROR - Statistical tests failed: local variable 'numerator' referenced before assignment
2025-01-24 01:30:55 - INFO - Data preparation completed. Shape: (100,)
2025-01-24 01:30:55 - ERROR - Statistical tests failed: local variable 'numerator' referenced before assignment
2025-01-24 01:38:12 - INFO - Downloading market data for ^GSPC from 1985-07-01 00:00:00 to 1987-09-19 00:00:00...
2025-01-24 01:38:12 - INFO - Market data downloaded: 561 rows
2025-01-24 01:38:12 - INFO - Retrieved data for ^GSPC from 1985-07-01 00:00:00 to 1987-09-19 00:00:00
2025-01-24 01:38:12 - INFO - Data preparation completed. Shape: (561,)
2025-01-24 01:38:12 - INFO - Performing power law fitting...
2025-01-24 01:38:12 - INFO - Performing logarithm-periodic fitting...
2025-01-24 01:38:12 - ERROR - Statistical tests failed: local variable 'numerator' referenced before assignment
2025-01-24 01:38:12 - INFO - Data preparation completed. Shape: (100,)
2025-01-24 01:38:12 - ERROR - Statistical tests failed: local variable 'numerator' referenced before assignment
2025-01-24 01:41:37 - INFO - Downloading market data for ^GSPC from 1985-07-01 00:00:00 to 1987-09-19 00:00:00...
2025-01-24 01:41:38 - INFO - Market data downloaded: 561 rows
2025-01-24 01:41:38 - INFO - Retrieved data for ^GSPC from 1985-07-01 00:00:00 to 1987-09-19 00:00:00
2025-01-24 01:41:38 - INFO - Data preparation completed. Shape: (561,)
2025-01-24 01:41:38 - INFO - Performing power law fitting...
2025-01-24 01:41:38 - INFO - Performing logarithm-periodic fitting...
2025-01-24 01:41:38 - ERROR - Statistical tests failed: local variable 'numerator' referenced before assignment
2025-01-24 01:41:38 - INFO - Data preparation completed. Shape: (100,)
2025-01-24 01:41:38 - ERROR - Statistical tests failed: local variable 'numerator' referenced before assignment
